<?xml version="1.0" encoding="UTF-8"?>
<!-- Generated by org.testng.reporters.JUnitReportReporter -->
<testsuite hostname="LAPTOP-GTLTLNIU" failures="0" tests="1" name="File.DynamicJson" time="1.830" errors="0" timestamp="2023-08-03T11:35:01 IST" skipped="0">
  <testcase classname="File.DynamicJson" name="getBookData" time="1.830"/>
  <system-out/>
</testsuite> <!-- File.DynamicJson -->
